2020-05-11 10:36:05,581 [main] WARN  org.eclipse.jgit.util.FS - Cannot run program "git" (in directory "\usr\bin"): CreateProcess error=2, The system cannot find the file specified
2020-05-11 10:36:28,671 [Worker-3: Loading available Gradle versions] INFO  o.e.b.c.i.u.g.PublishedGradleVersions - Gradle version information cache is not available. Remote download required.
2020-05-11 12:43:30,386 [main] WARN  org.eclipse.jgit.util.FS - Cannot run program "git" (in directory "\usr\bin"): CreateProcess error=2, The system cannot find the file specified
2020-05-11 12:43:37,176 [Worker-0: Loading available Gradle versions] INFO  o.e.b.c.i.u.g.PublishedGradleVersions - Gradle version information cache is up-to-date. Trying to read.
2020-05-11 15:41:01,113 [main] WARN  org.eclipse.jgit.util.FS - Cannot run program "git" (in directory "\usr\bin"): CreateProcess error=2, The system cannot find the file specified
2020-05-11 15:41:10,617 [Worker-0: Loading available Gradle versions] INFO  o.e.b.c.i.u.g.PublishedGradleVersions - Gradle version information cache is up-to-date. Trying to read.
2020-05-11 16:47:31,430 [main] WARN  org.eclipse.jgit.util.FS - Cannot run program "git" (in directory "\usr\bin"): CreateProcess error=2, The system cannot find the file specified
2020-05-11 16:47:37,764 [Worker-0: Loading available Gradle versions] INFO  o.e.b.c.i.u.g.PublishedGradleVersions - Gradle version information cache is up-to-date. Trying to read.
2020-05-11 17:15:33,315 [main] WARN  org.eclipse.jgit.util.FS - Cannot run program "git" (in directory "\usr\bin"): CreateProcess error=2, The system cannot find the file specified
2020-05-11 17:15:39,473 [Worker-0: Loading available Gradle versions] INFO  o.e.b.c.i.u.g.PublishedGradleVersions - Gradle version information cache is up-to-date. Trying to read.
2020-05-11 19:11:10,178 [main] WARN  org.eclipse.jgit.util.FS - Cannot run program "git" (in directory "\usr\bin"): CreateProcess error=2, The system cannot find the file specified
2020-05-11 19:11:17,896 [Worker-0: Loading available Gradle versions] INFO  o.e.b.c.i.u.g.PublishedGradleVersions - Gradle version information cache is up-to-date. Trying to read.
2020-05-11 21:33:02,900 [main] WARN  org.eclipse.jgit.util.FS - Cannot run program "git" (in directory "\usr\bin"): CreateProcess error=2, The system cannot find the file specified
2020-05-11 21:33:12,459 [Worker-0: Loading available Gradle versions] INFO  o.e.b.c.i.u.g.PublishedGradleVersions - Gradle version information cache is up-to-date. Trying to read.
2020-05-12 15:21:15,154 [main] WARN  org.eclipse.jgit.util.FS - Cannot run program "git" (in directory "\usr\bin"): CreateProcess error=2, The system cannot find the file specified
2020-05-12 15:21:24,908 [Worker-0: Loading available Gradle versions] INFO  o.e.b.c.i.u.g.PublishedGradleVersions - Gradle version information cache is out-of-date. Trying to update.
2020-05-12 18:07:20,261 [main] WARN  org.eclipse.jgit.util.FS - Cannot run program "git" (in directory "\usr\bin"): CreateProcess error=2, The system cannot find the file specified
2020-05-12 18:07:27,700 [Worker-3: Loading available Gradle versions] INFO  o.e.b.c.i.u.g.PublishedGradleVersions - Gradle version information cache is up-to-date. Trying to read.
2020-05-12 21:00:21,609 [main] WARN  org.eclipse.jgit.util.FS - Cannot run program "git" (in directory "\usr\bin"): CreateProcess error=2, The system cannot find the file specified
2020-05-12 21:00:31,788 [Worker-0: Loading available Gradle versions] INFO  o.e.b.c.i.u.g.PublishedGradleVersions - Gradle version information cache is up-to-date. Trying to read.
2020-05-13 13:59:39,428 [main] WARN  org.eclipse.jgit.util.FS - Cannot run program "git" (in directory "\usr\bin"): CreateProcess error=2, The system cannot find the file specified
2020-05-13 13:59:50,438 [Worker-1: Loading available Gradle versions] INFO  o.e.b.c.i.u.g.PublishedGradleVersions - Gradle version information cache is up-to-date. Trying to read.
2020-05-13 15:53:24,846 [main] WARN  org.eclipse.jgit.util.FS - Cannot run program "git" (in directory "\usr\bin"): CreateProcess error=2, The system cannot find the file specified
2020-05-13 15:53:31,770 [Worker-2: Loading available Gradle versions] INFO  o.e.b.c.i.u.g.PublishedGradleVersions - Gradle version information cache is out-of-date. Trying to update.
2020-05-13 18:41:06,822 [main] WARN  org.eclipse.jgit.util.FS - Cannot run program "git" (in directory "\usr\bin"): CreateProcess error=2, The system cannot find the file specified
2020-05-13 18:41:16,523 [Worker-0: Loading available Gradle versions] INFO  o.e.b.c.i.u.g.PublishedGradleVersions - Gradle version information cache is up-to-date. Trying to read.
2020-05-13 21:14:55,738 [main] WARN  org.eclipse.jgit.util.FS - Cannot run program "git" (in directory "\usr\bin"): CreateProcess error=2, The system cannot find the file specified
2020-05-13 21:15:03,447 [Worker-1: Loading available Gradle versions] INFO  o.e.b.c.i.u.g.PublishedGradleVersions - Gradle version information cache is up-to-date. Trying to read.
2020-05-14 07:17:58,274 [main] WARN  org.eclipse.jgit.util.FS - Cannot run program "git" (in directory "\usr\bin"): CreateProcess error=2, The system cannot find the file specified
2020-05-14 07:18:07,787 [Worker-1: Loading available Gradle versions] INFO  o.e.b.c.i.u.g.PublishedGradleVersions - Gradle version information cache is up-to-date. Trying to read.
2020-05-14 12:39:41,262 [main] WARN  org.eclipse.jgit.util.FS - Cannot run program "git" (in directory "\usr\bin"): CreateProcess error=2, The system cannot find the file specified
2020-05-14 12:39:49,046 [Worker-0: Loading available Gradle versions] INFO  o.e.b.c.i.u.g.PublishedGradleVersions - Gradle version information cache is up-to-date. Trying to read.
2020-05-14 15:41:32,536 [main] WARN  org.eclipse.jgit.util.FS - Cannot run program "git" (in directory "\usr\bin"): CreateProcess error=2, The system cannot find the file specified
2020-05-14 15:41:42,914 [Worker-1: Loading available Gradle versions] INFO  o.e.b.c.i.u.g.PublishedGradleVersions - Gradle version information cache is up-to-date. Trying to read.
2020-05-14 18:07:35,232 [main] WARN  org.eclipse.jgit.util.FS - Cannot run program "git" (in directory "\usr\bin"): CreateProcess error=2, The system cannot find the file specified
2020-05-14 18:07:46,090 [Worker-0: Loading available Gradle versions] INFO  o.e.b.c.i.u.g.PublishedGradleVersions - Gradle version information cache is out-of-date. Trying to update.
2020-05-14 18:17:47,870 [main] WARN  org.eclipse.jgit.util.FS - Cannot run program "git" (in directory "\usr\bin"): CreateProcess error=2, The system cannot find the file specified
2020-05-14 18:17:53,453 [Worker-1: Loading available Gradle versions] INFO  o.e.b.c.i.u.g.PublishedGradleVersions - Gradle version information cache is up-to-date. Trying to read.
2020-05-14 19:38:45,562 [main] WARN  org.eclipse.jgit.util.FS - Cannot run program "git" (in directory "\usr\bin"): CreateProcess error=2, The system cannot find the file specified
2020-05-14 19:38:55,669 [Worker-1: Loading available Gradle versions] INFO  o.e.b.c.i.u.g.PublishedGradleVersions - Gradle version information cache is up-to-date. Trying to read.
2020-05-14 21:35:26,390 [main] WARN  org.eclipse.jgit.util.FS - Cannot run program "git" (in directory "\usr\bin"): CreateProcess error=2, The system cannot find the file specified
2020-05-14 21:35:38,279 [Worker-3: Loading available Gradle versions] INFO  o.e.b.c.i.u.g.PublishedGradleVersions - Gradle version information cache is up-to-date. Trying to read.
2020-05-15 09:45:44,086 [main] WARN  org.eclipse.jgit.util.FS - Cannot run program "git" (in directory "\usr\bin"): CreateProcess error=2, The system cannot find the file specified
2020-05-15 09:45:52,751 [Worker-3: Loading available Gradle versions] INFO  o.e.b.c.i.u.g.PublishedGradleVersions - Gradle version information cache is up-to-date. Trying to read.
2020-05-15 12:03:55,981 [main] INFO  org.eclipse.jetty.util.log - Logging initialized @8304547ms to org.eclipse.jetty.util.log.Slf4jLog
2020-05-15 12:03:56,144 [main] INFO  org.eclipse.jetty.server.Server - jetty-9.4.27.v20200227; built: 2020-03-02T14:40:42.212Z; git: a304fd9f351f337e7c0e2a7c28878dd536149c6c; jvm 14.0.1+7
2020-05-15 12:03:56,164 [main] INFO  org.eclipse.jetty.server.session - DefaultSessionIdManager workerName=node0
2020-05-15 12:03:56,165 [main] INFO  org.eclipse.jetty.server.session - No SessionScavenger set, using defaults
2020-05-15 12:03:56,165 [main] INFO  org.eclipse.jetty.server.session - node0 Scavenging every 600000ms
2020-05-15 12:03:56,186 [main] INFO  o.e.j.server.handler.ContextHandler - Started o.e.j.s.ServletContextHandler@34d43774{/wse,null,AVAILABLE}
2020-05-15 12:03:56,202 [main] INFO  o.e.jetty.server.AbstractConnector - Started ServerConnector@4e7beace{HTTP/1.1, (http/1.1)}{0.0.0.0:51657}
2020-05-15 12:03:56,202 [main] INFO  org.eclipse.jetty.server.Server - Started @8304769ms
2020-05-15 12:03:56,202 [main] INFO  org.eclipse.jetty.server.session - node0 Scavenging every 660000ms
2020-05-15 12:25:57,892 [Framework stop] INFO  o.e.jetty.server.AbstractConnector - Stopped ServerConnector@4e7beace{HTTP/1.1, (http/1.1)}{0.0.0.0:0}
2020-05-15 12:25:57,892 [Framework stop] INFO  org.eclipse.jetty.server.session - node0 Stopped scavenging
2020-05-15 12:25:57,917 [Framework stop] INFO  o.e.j.server.handler.ContextHandler - Stopped o.e.j.s.ServletContextHandler@34d43774{/wse,null,UNAVAILABLE}
2020-05-15 12:27:55,261 [main] WARN  org.eclipse.jgit.util.FS - Cannot run program "git" (in directory "\usr\bin"): CreateProcess error=2, The system cannot find the file specified
2020-05-15 12:28:03,759 [Worker-1: Loading available Gradle versions] INFO  o.e.b.c.i.u.g.PublishedGradleVersions - Gradle version information cache is up-to-date. Trying to read.
2020-05-15 15:53:51,627 [main] WARN  org.eclipse.jgit.util.FS - Cannot run program "git" (in directory "\usr\bin"): CreateProcess error=2, The system cannot find the file specified
2020-05-15 15:53:59,028 [Worker-0: Loading available Gradle versions] INFO  o.e.b.c.i.u.g.PublishedGradleVersions - Gradle version information cache is up-to-date. Trying to read.
2020-05-16 12:03:12,335 [main] WARN  org.eclipse.jgit.util.FS - Cannot run program "git" (in directory "\usr\bin"): CreateProcess error=2, The system cannot find the file specified
2020-05-16 12:03:21,455 [Worker-0: Loading available Gradle versions] INFO  o.e.b.c.i.u.g.PublishedGradleVersions - Gradle version information cache is out-of-date. Trying to update.
2020-05-16 18:18:16,939 [main] WARN  org.eclipse.jgit.util.FS - Cannot run program "git" (in directory "\usr\bin"): CreateProcess error=2, The system cannot find the file specified
2020-05-16 18:18:27,551 [Worker-2: Loading available Gradle versions] INFO  o.e.b.c.i.u.g.PublishedGradleVersions - Gradle version information cache is up-to-date. Trying to read.
2020-05-18 15:56:57,556 [main] WARN  org.eclipse.jgit.util.FS - Cannot run program "git" (in directory "\usr\bin"): CreateProcess error=2, The system cannot find the file specified
2020-05-18 15:57:08,833 [Worker-3: Loading available Gradle versions] INFO  o.e.b.c.i.u.g.PublishedGradleVersions - Gradle version information cache is out-of-date. Trying to update.
2020-05-19 07:18:53,238 [main] WARN  org.eclipse.jgit.util.FS - Cannot run program "git" (in directory "\usr\bin"): CreateProcess error=2, The system cannot find the file specified
2020-05-19 07:19:05,084 [Worker-1: Loading available Gradle versions] INFO  o.e.b.c.i.u.g.PublishedGradleVersions - Gradle version information cache is up-to-date. Trying to read.
2020-05-19 10:00:58,111 [main] WARN  org.eclipse.jgit.util.FS - Cannot run program "git" (in directory "\usr\bin"): CreateProcess error=2, The system cannot find the file specified
2020-05-19 10:01:06,398 [Worker-0: Loading available Gradle versions] INFO  o.e.b.c.i.u.g.PublishedGradleVersions - Gradle version information cache is up-to-date. Trying to read.
2020-05-19 14:54:13,556 [main] WARN  org.eclipse.jgit.util.FS - Cannot run program "git" (in directory "\usr\bin"): CreateProcess error=2, The system cannot find the file specified
2020-05-19 14:54:22,300 [Worker-0: Loading available Gradle versions] INFO  o.e.b.c.i.u.g.PublishedGradleVersions - Gradle version information cache is up-to-date. Trying to read.
2020-05-20 09:58:16,368 [main] WARN  org.eclipse.jgit.util.FS - Cannot run program "git" (in directory "\usr\bin"): CreateProcess error=2, The system cannot find the file specified
2020-05-20 09:58:24,741 [Worker-0: Loading available Gradle versions] INFO  o.e.b.c.i.u.g.PublishedGradleVersions - Gradle version information cache is out-of-date. Trying to update.
2020-05-20 17:57:27,278 [main] WARN  org.eclipse.jgit.util.FS - Cannot run program "git" (in directory "\usr\bin"): CreateProcess error=2, The system cannot find the file specified
2020-05-20 17:57:35,658 [Worker-0: Loading available Gradle versions] INFO  o.e.b.c.i.u.g.PublishedGradleVersions - Gradle version information cache is up-to-date. Trying to read.
2020-05-20 21:41:53,933 [main] WARN  org.eclipse.jgit.util.FS - Cannot run program "git" (in directory "\usr\bin"): CreateProcess error=2, The system cannot find the file specified
2020-05-20 21:42:02,283 [Worker-0: Loading available Gradle versions] INFO  o.e.b.c.i.u.g.PublishedGradleVersions - Gradle version information cache is up-to-date. Trying to read.
2020-05-21 09:50:19,982 [main] WARN  org.eclipse.jgit.util.FS - Cannot run program "git" (in directory "\usr\bin"): CreateProcess error=2, The system cannot find the file specified
2020-05-21 09:50:29,202 [Worker-1: Loading available Gradle versions] INFO  o.e.b.c.i.u.g.PublishedGradleVersions - Gradle version information cache is up-to-date. Trying to read.
2020-05-21 18:41:04,542 [main] WARN  org.eclipse.jgit.util.FS - Cannot run program "git" (in directory "\usr\bin"): CreateProcess error=2, The system cannot find the file specified
2020-05-21 18:41:12,858 [Worker-2: Loading available Gradle versions] INFO  o.e.b.c.i.u.g.PublishedGradleVersions - Gradle version information cache is out-of-date. Trying to update.
